<?xml version="1.0" encoding="UTF-8"?>
<testsuites name="TS_Delivery_address_004" time="138.569" tests="4" failures="0" errors="0">
   <testsuite name="TS_Delivery_address_004" tests="4" failures="0" errors="0" time="138.569" skipped="0" timestamp="28-01-2024T22:22:34" hostname="Santhoshini - LAPTOP-JQ2M32JD" id="Test Suites/Datadriven_testing/TS_Delivery_address_004">
      <properties>
         <property name="deviceName" value=""/>
         <property name="devicePlatform" value=""/>
         <property name="logFolder" value="C:\\Users\\Santhoshini\\git\\AMAZON-KATALON\\AMAZON-KATALON\\Reports\\20240128_222228\\Datadriven_testing\\TS_Delivery_address_004\\20240128_222228"/>
         <property name="logFiles" value="C:\\Users\\Santhoshini\\git\\AMAZON-KATALON\\AMAZON-KATALON\\Reports\\20240128_222228\\Datadriven_testing\\TS_Delivery_address_004\\20240128_222228\\execution0.log"/>
         <property name="attachments" value=""/>
         <property name="hostName" value="Santhoshini - LAPTOP-JQ2M32JD"/>
         <property name="os" value="Windows 11 64bit"/>
         <property name="katalonVersion" value="9.2.0.212"/>
         <property name="browser" value="Chrome 120.0.0.0"/>
         <property name="hostAddress" value="192.168.129.23"/>
         <property name="sessionId" value="a69588a50f92312aa28fdf9f421e1a95"/>
         <property name="seleniumVersion" value="3.141.59"/>
         <property name="proxyInformation" value="ProxyInformation { proxyOption=NO_PROXY, proxyServerType=HTTP, username=, password=********, proxyServerAddress=, proxyServerPort=0, executionList=&quot;&quot;, isApplyToDesiredCapabilities=true }"/>
         <property name="platform" value="Windows 11"/>
      </properties>
      <testcase name="Test Cases/Datadriven_testing/TC_Delivery_address_003" time="47.113" classname="Test Cases/Datadriven_testing/TC_Delivery_address_003" status="PASSED">
         <system-out><![CDATA[28-01-2024T22:22:34 - [TEST_CASE][PASSED] - Test Cases/Datadriven_testing/TC_Delivery_address_003: Test Cases/Datadriven_testing/TC_Delivery_address_003

28-01-2024T22:22:35 - [TEST_STEP][PASSED] - openBrowser(""): Browser is opened with url: ''

28-01-2024T22:22:35 - [MESSAGE][INFO] - Starting 'Chrome' driver

28-01-2024T22:22:35 - [MESSAGE][INFO] - Action delay is set to 0 milliseconds

28-01-2024T22:22:37 - [MESSAGE][PASSED] - Browser is opened with url: ''

28-01-2024T22:22:37 - [TEST_STEP][PASSED] - navigateToUrl("https://www.amazon.in/"): Navigate to 'https://www.amazon.in/' successfully

28-01-2024T22:23:16 - [MESSAGE][PASSED] - Navigate to 'https://www.amazon.in/' successfully

28-01-2024T22:23:16 - [TEST_STEP][PASSED] - click(findTestObject("Object Repository/Page_Online Shopping site in India Shop Onl_10c5f3/span_Update location")): Object: 'Object Repository/Page_Online Shopping site in India Shop Onl_10c5f3/span_Update location' is clicked on

28-01-2024T22:23:19 - [MESSAGE][PASSED] - Object: 'Object Repository/Page_Online Shopping site in India Shop Onl_10c5f3/span_Update location' is clicked on

28-01-2024T22:23:19 - [TEST_STEP][PASSED] - setText(findTestObject("Object Repository/Page_Online Shopping site in India Shop Onl_10c5f3/inputGLUXZipUpdateInput"), pincode): Text '533291' is set on object 'Object Repository/Page_Online Shopping site in India Shop Onl_10c5f3/inputGLUXZipUpdateInput'

28-01-2024T22:23:20 - [MESSAGE][PASSED] - Text '533291' is set on object 'Object Repository/Page_Online Shopping site in India Shop Onl_10c5f3/inputGLUXZipUpdateInput'

28-01-2024T22:23:20 - [TEST_STEP][PASSED] - click(findTestObject("Object Repository/Page_Online Shopping site in India Shop Onl_10c5f3/input_a-button-input")): Object: 'Object Repository/Page_Online Shopping site in India Shop Onl_10c5f3/input_a-button-input' is clicked on

28-01-2024T22:23:22 - [MESSAGE][PASSED] - Object: 'Object Repository/Page_Online Shopping site in India Shop Onl_10c5f3/input_a-button-input' is clicked on]]></system-out>
         <system-err><![CDATA[]]></system-err>
      </testcase>
      <testcase name="Test Cases/Datadriven_testing/TC_Delivery_address_003" time="28.295" classname="Test Cases/Datadriven_testing/TC_Delivery_address_003" status="PASSED">
         <system-out><![CDATA[28-01-2024T22:23:22 - [TEST_CASE][PASSED] - Test Cases/Datadriven_testing/TC_Delivery_address_003: Test Cases/Datadriven_testing/TC_Delivery_address_003

28-01-2024T22:23:22 - [TEST_STEP][PASSED] - openBrowser(""): Browser is opened with url: ''

28-01-2024T22:23:22 - [MESSAGE][WARNING] - A browser is already opened. Closing browser and opening a new one

28-01-2024T22:23:22 - [MESSAGE][INFO] - Starting 'Chrome' driver

28-01-2024T22:23:22 - [MESSAGE][INFO] - Action delay is set to 0 milliseconds

28-01-2024T22:23:23 - [MESSAGE][PASSED] - Browser is opened with url: ''

28-01-2024T22:23:23 - [TEST_STEP][PASSED] - navigateToUrl("https://www.amazon.in/"): Navigate to 'https://www.amazon.in/' successfully

28-01-2024T22:23:45 - [MESSAGE][PASSED] - Navigate to 'https://www.amazon.in/' successfully

28-01-2024T22:23:45 - [TEST_STEP][PASSED] - click(findTestObject("Object Repository/Page_Online Shopping site in India Shop Onl_10c5f3/span_Update location")): Object: 'Object Repository/Page_Online Shopping site in India Shop Onl_10c5f3/span_Update location' is clicked on

28-01-2024T22:23:47 - [MESSAGE][PASSED] - Object: 'Object Repository/Page_Online Shopping site in India Shop Onl_10c5f3/span_Update location' is clicked on

28-01-2024T22:23:47 - [TEST_STEP][PASSED] - setText(findTestObject("Object Repository/Page_Online Shopping site in India Shop Onl_10c5f3/inputGLUXZipUpdateInput"), pincode): Text '533294' is set on object 'Object Repository/Page_Online Shopping site in India Shop Onl_10c5f3/inputGLUXZipUpdateInput'

28-01-2024T22:23:49 - [MESSAGE][PASSED] - Text '533294' is set on object 'Object Repository/Page_Online Shopping site in India Shop Onl_10c5f3/inputGLUXZipUpdateInput'

28-01-2024T22:23:49 - [TEST_STEP][PASSED] - click(findTestObject("Object Repository/Page_Online Shopping site in India Shop Onl_10c5f3/input_a-button-input")): Object: 'Object Repository/Page_Online Shopping site in India Shop Onl_10c5f3/input_a-button-input' is clicked on

28-01-2024T22:23:50 - [MESSAGE][PASSED] - Object: 'Object Repository/Page_Online Shopping site in India Shop Onl_10c5f3/input_a-button-input' is clicked on]]></system-out>
         <system-err><![CDATA[]]></system-err>
      </testcase>
      <testcase name="Test Cases/Datadriven_testing/TC_Delivery_address_003" time="38.934" classname="Test Cases/Datadriven_testing/TC_Delivery_address_003" status="PASSED">
         <system-out><![CDATA[28-01-2024T22:23:50 - [TEST_CASE][PASSED] - Test Cases/Datadriven_testing/TC_Delivery_address_003: Test Cases/Datadriven_testing/TC_Delivery_address_003

28-01-2024T22:23:50 - [TEST_STEP][PASSED] - openBrowser(""): Browser is opened with url: ''

28-01-2024T22:23:50 - [MESSAGE][WARNING] - A browser is already opened. Closing browser and opening a new one

28-01-2024T22:23:50 - [MESSAGE][INFO] - Starting 'Chrome' driver

28-01-2024T22:23:50 - [MESSAGE][INFO] - Action delay is set to 0 milliseconds

28-01-2024T22:23:51 - [MESSAGE][PASSED] - Browser is opened with url: ''

28-01-2024T22:23:51 - [TEST_STEP][PASSED] - navigateToUrl("https://www.amazon.in/"): Navigate to 'https://www.amazon.in/' successfully

28-01-2024T22:24:25 - [MESSAGE][PASSED] - Navigate to 'https://www.amazon.in/' successfully

28-01-2024T22:24:25 - [TEST_STEP][PASSED] - click(findTestObject("Object Repository/Page_Online Shopping site in India Shop Onl_10c5f3/span_Update location")): Object: 'Object Repository/Page_Online Shopping site in India Shop Onl_10c5f3/span_Update location' is clicked on

28-01-2024T22:24:27 - [MESSAGE][PASSED] - Object: 'Object Repository/Page_Online Shopping site in India Shop Onl_10c5f3/span_Update location' is clicked on

28-01-2024T22:24:27 - [TEST_STEP][PASSED] - setText(findTestObject("Object Repository/Page_Online Shopping site in India Shop Onl_10c5f3/inputGLUXZipUpdateInput"), pincode): Text '533201' is set on object 'Object Repository/Page_Online Shopping site in India Shop Onl_10c5f3/inputGLUXZipUpdateInput'

28-01-2024T22:24:28 - [MESSAGE][PASSED] - Text '533201' is set on object 'Object Repository/Page_Online Shopping site in India Shop Onl_10c5f3/inputGLUXZipUpdateInput'

28-01-2024T22:24:28 - [TEST_STEP][PASSED] - click(findTestObject("Object Repository/Page_Online Shopping site in India Shop Onl_10c5f3/input_a-button-input")): Object: 'Object Repository/Page_Online Shopping site in India Shop Onl_10c5f3/input_a-button-input' is clicked on

28-01-2024T22:24:29 - [MESSAGE][PASSED] - Object: 'Object Repository/Page_Online Shopping site in India Shop Onl_10c5f3/input_a-button-input' is clicked on]]></system-out>
         <system-err><![CDATA[]]></system-err>
      </testcase>
      <testcase name="Test Cases/Datadriven_testing/TC_Delivery_address_003" time="23.861" classname="Test Cases/Datadriven_testing/TC_Delivery_address_003" status="PASSED">
         <system-out><![CDATA[28-01-2024T22:24:29 - [TEST_CASE][PASSED] - Test Cases/Datadriven_testing/TC_Delivery_address_003: Test Cases/Datadriven_testing/TC_Delivery_address_003

28-01-2024T22:24:29 - [TEST_STEP][PASSED] - openBrowser(""): Browser is opened with url: ''

28-01-2024T22:24:29 - [MESSAGE][WARNING] - A browser is already opened. Closing browser and opening a new one

28-01-2024T22:24:29 - [MESSAGE][INFO] - Starting 'Chrome' driver

28-01-2024T22:24:29 - [MESSAGE][INFO] - Action delay is set to 0 milliseconds

28-01-2024T22:24:30 - [MESSAGE][PASSED] - Browser is opened with url: ''

28-01-2024T22:24:30 - [TEST_STEP][PASSED] - navigateToUrl("https://www.amazon.in/"): Navigate to 'https://www.amazon.in/' successfully

28-01-2024T22:24:49 - [MESSAGE][PASSED] - Navigate to 'https://www.amazon.in/' successfully

28-01-2024T22:24:49 - [TEST_STEP][PASSED] - click(findTestObject("Object Repository/Page_Online Shopping site in India Shop Onl_10c5f3/span_Update location")): Object: 'Object Repository/Page_Online Shopping site in India Shop Onl_10c5f3/span_Update location' is clicked on

28-01-2024T22:24:51 - [MESSAGE][PASSED] - Object: 'Object Repository/Page_Online Shopping site in India Shop Onl_10c5f3/span_Update location' is clicked on

28-01-2024T22:24:51 - [TEST_STEP][PASSED] - setText(findTestObject("Object Repository/Page_Online Shopping site in India Shop Onl_10c5f3/inputGLUXZipUpdateInput"), pincode): Text '505101' is set on object 'Object Repository/Page_Online Shopping site in India Shop Onl_10c5f3/inputGLUXZipUpdateInput'

28-01-2024T22:24:52 - [MESSAGE][PASSED] - Text '505101' is set on object 'Object Repository/Page_Online Shopping site in India Shop Onl_10c5f3/inputGLUXZipUpdateInput'

28-01-2024T22:24:52 - [TEST_STEP][PASSED] - click(findTestObject("Object Repository/Page_Online Shopping site in India Shop Onl_10c5f3/input_a-button-input")): Object: 'Object Repository/Page_Online Shopping site in India Shop Onl_10c5f3/input_a-button-input' is clicked on

28-01-2024T22:24:53 - [MESSAGE][PASSED] - Object: 'Object Repository/Page_Online Shopping site in India Shop Onl_10c5f3/input_a-button-input' is clicked on]]></system-out>
         <system-err><![CDATA[]]></system-err>
      </testcase>
      <system-out><![CDATA[28-01-2024T22:22:34 - [TEST_SUITE][PASSED] - TS_Delivery_address_004: Test Cases/Datadriven_testing/TC_Delivery_address_003]]></system-out>
      <system-err><![CDATA[]]></system-err>
   </testsuite>
</testsuites>
