<?xml version="1.0" encoding="UTF-8"?>
<testsuites name="TS_login_001" time="66.796" tests="1" failures="0" errors="0">
   <testsuite name="TS_login_001" tests="1" failures="0" errors="0" time="66.796" skipped="0" timestamp="28-01-2024T23:01:31" hostname="Santhoshini - LAPTOP-JQ2M32JD" id="Test Suites/TS_login_001">
      <properties>
         <property name="deviceName" value=""/>
         <property name="devicePlatform" value=""/>
         <property name="logFolder" value="C:\\Users\\Santhoshini\\git\\AMAZON-KATALON\\AMAZON-KATALON\\Reports\\20240128_230052\\TS_login_001\\20240128_230103"/>
         <property name="logFiles" value="C:\\Users\\Santhoshini\\git\\AMAZON-KATALON\\AMAZON-KATALON\\Reports\\20240128_230052\\TS_login_001\\20240128_230103\\execution0.log"/>
         <property name="attachments" value=""/>
         <property name="hostName" value="Santhoshini - LAPTOP-JQ2M32JD"/>
         <property name="os" value="Windows 11 64bit"/>
         <property name="katalonVersion" value="9.2.0.212"/>
         <property name="browser" value="Edge Chromium 121"/>
         <property name="hostAddress" value="192.168.129.23"/>
         <property name="sessionId" value="059701a4cd08572c36334a5f7fdb5c10"/>
         <property name="seleniumVersion" value="3.141.59"/>
         <property name="proxyInformation" value="ProxyInformation { proxyOption=NO_PROXY, proxyServerType=HTTP, username=, password=********, proxyServerAddress=, proxyServerPort=0, executionList=&quot;&quot;, isApplyToDesiredCapabilities=true }"/>
         <property name="platform" value="Windows 11"/>
      </properties>
      <testcase name="Test Cases/TC_Login_001" time="65.929" classname="Test Cases/TC_Login_001" status="PASSED">
         <system-out><![CDATA[28-01-2024T23:01:32 - [TEST_CASE][PASSED] - Test Cases/TC_Login_001: Test Cases/TC_Login_001

28-01-2024T23:01:32 - [TEST_STEP][PASSED] - Start listener action : sampleBeforeTestCase: Navigate to 'https://www.amazon.in/' successfully

28-01-2024T23:01:32 - [TEST_STEP][PASSED] - openBrowser(""): Browser is opened with url: ''

28-01-2024T23:01:34 - [MESSAGE][INFO] - Starting 'Edge Chromium' driver

28-01-2024T23:01:37 - [MESSAGE][INFO] - Action delay is set to 0 milliseconds

28-01-2024T23:01:40 - [MESSAGE][PASSED] - Browser is opened with url: ''

28-01-2024T23:01:40 - [TEST_STEP][PASSED] - navigateToUrl("https://www.amazon.in/"): Navigate to 'https://www.amazon.in/' successfully

28-01-2024T23:02:23 - [MESSAGE][PASSED] - Navigate to 'https://www.amazon.in/' successfully

28-01-2024T23:02:23 - [TEST_STEP][PASSED] - click(findTestObject("Object Repository/Page_Online Shopping site in India Shop Onl_10c5f3/div_Hello, sign in")): Object: 'Object Repository/Page_Online Shopping site in India Shop Onl_10c5f3/div_Hello, sign in' is clicked on

28-01-2024T23:02:27 - [MESSAGE][PASSED] - Object: 'Object Repository/Page_Online Shopping site in India Shop Onl_10c5f3/div_Hello, sign in' is clicked on

28-01-2024T23:02:27 - [TEST_STEP][PASSED] - setText(findTestObject("Object Repository/Page_Amazon Sign In/input_email"), "8096027287"): Text '8096027287' is set on object 'Object Repository/Page_Amazon Sign In/input_email'

28-01-2024T23:02:30 - [MESSAGE][PASSED] - Text '8096027287' is set on object 'Object Repository/Page_Amazon Sign In/input_email'

28-01-2024T23:02:30 - [TEST_STEP][PASSED] - click(findTestObject("Object Repository/Page_Amazon Sign In/inputcontinue")): Object: 'Object Repository/Page_Amazon Sign In/inputcontinue' is clicked on

28-01-2024T23:02:34 - [MESSAGE][PASSED] - Object: 'Object Repository/Page_Amazon Sign In/inputcontinue' is clicked on

28-01-2024T23:02:34 - [TEST_STEP][PASSED] - setEncryptedText(findTestObject("Object Repository/Page_Amazon Sign In/input_password"), "Dw24fpAn266gG7eSJMbliQ=="): Text ****** has been set on object 'Object Repository/Page_Amazon Sign In/input_password'

28-01-2024T23:02:37 - [MESSAGE][PASSED] - Text ****** has been set on object 'Object Repository/Page_Amazon Sign In/input_password'

28-01-2024T23:02:37 - [TEST_STEP][PASSED] - click(findTestObject("Object Repository/Page_Amazon Sign In/inputsignInSubmit")): Object: 'Object Repository/Page_Amazon Sign In/inputsignInSubmit' is clicked on

28-01-2024T23:02:37 - [MESSAGE][PASSED] - Object: 'Object Repository/Page_Amazon Sign In/inputsignInSubmit' is clicked on

28-01-2024T23:02:37 - [TEST_STEP][PASSED] - Start listener action : sampleAfterTestCase: Browser is closed

28-01-2024T23:02:37 - [TEST_STEP][PASSED] - closeBrowser(): Browser is closed

28-01-2024T23:02:38 - [MESSAGE][PASSED] - Browser is closed]]></system-out>
         <system-err><![CDATA[]]></system-err>
      </testcase>
      <system-out><![CDATA[28-01-2024T23:01:31 - [TEST_SUITE][PASSED] - TS_login_001: Test Cases/TC_Login_001]]></system-out>
      <system-err><![CDATA[]]></system-err>
   </testsuite>
</testsuites>
