<?xml version="1.0" encoding="UTF-8"?>
<testsuites name="TS_country_change_005" time="215.238" tests="4" failures="0" errors="0">
   <testsuite name="TS_country_change_005" tests="4" failures="0" errors="0" time="215.238" skipped="0" timestamp="28-01-2024T22:15:56" hostname="Santhoshini - LAPTOP-JQ2M32JD" id="Test Suites/Datadriven_testing/TS_country_change_005">
      <properties>
         <property name="deviceName" value=""/>
         <property name="devicePlatform" value=""/>
         <property name="logFolder" value="C:\\Users\\Santhoshini\\git\\AMAZON-KATALON\\AMAZON-KATALON\\Reports\\20240128_221550\\Datadriven_testing\\TS_country_change_005\\20240128_221550"/>
         <property name="logFiles" value="C:\\Users\\Santhoshini\\git\\AMAZON-KATALON\\AMAZON-KATALON\\Reports\\20240128_221550\\Datadriven_testing\\TS_country_change_005\\20240128_221550\\execution0.log"/>
         <property name="attachments" value=""/>
         <property name="hostName" value="Santhoshini - LAPTOP-JQ2M32JD"/>
         <property name="os" value="Windows 11 64bit"/>
         <property name="katalonVersion" value="9.2.0.212"/>
         <property name="browser" value="Chrome 120.0.0.0"/>
         <property name="hostAddress" value="192.168.129.23"/>
         <property name="sessionId" value="0ca1161d4ddbc8116af0b9d67fe09ec5"/>
         <property name="seleniumVersion" value="3.141.59"/>
         <property name="proxyInformation" value="ProxyInformation { proxyOption=NO_PROXY, proxyServerType=HTTP, username=, password=********, proxyServerAddress=, proxyServerPort=0, executionList=&quot;&quot;, isApplyToDesiredCapabilities=true }"/>
         <property name="platform" value="Windows 11"/>
      </properties>
      <testcase name="Test Cases/Datadriven_testing/TC_country_change_005" time="83.159" classname="Test Cases/Datadriven_testing/TC_country_change_005" status="PASSED">
         <system-out><![CDATA[28-01-2024T22:15:56 - [TEST_CASE][PASSED] - Test Cases/Datadriven_testing/TC_country_change_005: Test Cases/Datadriven_testing/TC_country_change_005

28-01-2024T22:15:56 - [TEST_STEP][PASSED] - openBrowser(""): Browser is opened with url: ''

28-01-2024T22:15:57 - [MESSAGE][INFO] - Starting 'Chrome' driver

28-01-2024T22:15:57 - [MESSAGE][INFO] - Action delay is set to 0 milliseconds

28-01-2024T22:15:58 - [MESSAGE][PASSED] - Browser is opened with url: ''

28-01-2024T22:15:58 - [TEST_STEP][PASSED] - navigateToUrl("https://www.amazon.in/"): Navigate to 'https://www.amazon.in/' successfully

28-01-2024T22:16:20 - [MESSAGE][PASSED] - Navigate to 'https://www.amazon.in/' successfully

28-01-2024T22:16:20 - [TEST_STEP][PASSED] - click(findTestObject("Object Repository/Page_Online Shopping site in India Shop Onl_10c5f3/" + location)): Object: 'Object Repository/Page_Online Shopping site in India Shop Onl_10c5f3/Australia' is clicked on

28-01-2024T22:17:19 - [MESSAGE][PASSED] - Object: 'Object Repository/Page_Online Shopping site in India Shop Onl_10c5f3/Australia' is clicked on]]></system-out>
         <system-err><![CDATA[]]></system-err>
      </testcase>
      <testcase name="Test Cases/Datadriven_testing/TC_country_change_005" time="69.804" classname="Test Cases/Datadriven_testing/TC_country_change_005" status="PASSED">
         <system-out><![CDATA[28-01-2024T22:17:19 - [TEST_CASE][PASSED] - Test Cases/Datadriven_testing/TC_country_change_005: Test Cases/Datadriven_testing/TC_country_change_005

28-01-2024T22:17:19 - [TEST_STEP][PASSED] - openBrowser(""): Browser is opened with url: ''

28-01-2024T22:17:19 - [MESSAGE][WARNING] - A browser is already opened. Closing browser and opening a new one

28-01-2024T22:17:19 - [MESSAGE][INFO] - Starting 'Chrome' driver

28-01-2024T22:17:19 - [MESSAGE][INFO] - Action delay is set to 0 milliseconds

28-01-2024T22:17:20 - [MESSAGE][PASSED] - Browser is opened with url: ''

28-01-2024T22:17:20 - [TEST_STEP][PASSED] - navigateToUrl("https://www.amazon.in/"): Navigate to 'https://www.amazon.in/' successfully

28-01-2024T22:17:30 - [MESSAGE][PASSED] - Navigate to 'https://www.amazon.in/' successfully

28-01-2024T22:17:30 - [TEST_STEP][PASSED] - click(findTestObject("Object Repository/Page_Online Shopping site in India Shop Onl_10c5f3/" + location)): Object: 'Object Repository/Page_Online Shopping site in India Shop Onl_10c5f3/Brazil' is clicked on

28-01-2024T22:18:29 - [MESSAGE][PASSED] - Object: 'Object Repository/Page_Online Shopping site in India Shop Onl_10c5f3/Brazil' is clicked on]]></system-out>
         <system-err><![CDATA[]]></system-err>
      </testcase>
      <testcase name="Test Cases/Datadriven_testing/TC_country_change_005" time="37.792" classname="Test Cases/Datadriven_testing/TC_country_change_005" status="PASSED">
         <system-out><![CDATA[28-01-2024T22:18:29 - [TEST_CASE][PASSED] - Test Cases/Datadriven_testing/TC_country_change_005: Test Cases/Datadriven_testing/TC_country_change_005

28-01-2024T22:18:29 - [TEST_STEP][PASSED] - openBrowser(""): Browser is opened with url: ''

28-01-2024T22:18:29 - [MESSAGE][WARNING] - A browser is already opened. Closing browser and opening a new one

28-01-2024T22:18:29 - [MESSAGE][INFO] - Starting 'Chrome' driver

28-01-2024T22:18:29 - [MESSAGE][INFO] - Action delay is set to 0 milliseconds

28-01-2024T22:18:30 - [MESSAGE][PASSED] - Browser is opened with url: ''

28-01-2024T22:18:30 - [TEST_STEP][PASSED] - navigateToUrl("https://www.amazon.in/"): Navigate to 'https://www.amazon.in/' successfully

28-01-2024T22:18:50 - [MESSAGE][PASSED] - Navigate to 'https://www.amazon.in/' successfully

28-01-2024T22:18:50 - [TEST_STEP][PASSED] - click(findTestObject("Object Repository/Page_Online Shopping site in India Shop Onl_10c5f3/" + location)): Object: 'Object Repository/Page_Online Shopping site in India Shop Onl_10c5f3/Canada' is clicked on

28-01-2024T22:19:07 - [MESSAGE][PASSED] - Object: 'Object Repository/Page_Online Shopping site in India Shop Onl_10c5f3/Canada' is clicked on]]></system-out>
         <system-err><![CDATA[]]></system-err>
      </testcase>
      <testcase name="Test Cases/Datadriven_testing/TC_country_change_005" time="24.107" classname="Test Cases/Datadriven_testing/TC_country_change_005" status="PASSED">
         <system-out><![CDATA[28-01-2024T22:19:07 - [TEST_CASE][PASSED] - Test Cases/Datadriven_testing/TC_country_change_005: Test Cases/Datadriven_testing/TC_country_change_005

28-01-2024T22:19:07 - [TEST_STEP][PASSED] - openBrowser(""): Browser is opened with url: ''

28-01-2024T22:19:07 - [MESSAGE][WARNING] - A browser is already opened. Closing browser and opening a new one

28-01-2024T22:19:07 - [MESSAGE][INFO] - Starting 'Chrome' driver

28-01-2024T22:19:07 - [MESSAGE][INFO] - Action delay is set to 0 milliseconds

28-01-2024T22:19:08 - [MESSAGE][PASSED] - Browser is opened with url: ''

28-01-2024T22:19:08 - [TEST_STEP][PASSED] - navigateToUrl("https://www.amazon.in/"): Navigate to 'https://www.amazon.in/' successfully

28-01-2024T22:19:18 - [MESSAGE][PASSED] - Navigate to 'https://www.amazon.in/' successfully

28-01-2024T22:19:18 - [TEST_STEP][PASSED] - click(findTestObject("Object Repository/Page_Online Shopping site in India Shop Onl_10c5f3/" + location)): Object: 'Object Repository/Page_Online Shopping site in India Shop Onl_10c5f3/China' is clicked on

28-01-2024T22:19:31 - [MESSAGE][PASSED] - Object: 'Object Repository/Page_Online Shopping site in India Shop Onl_10c5f3/China' is clicked on]]></system-out>
         <system-err><![CDATA[]]></system-err>
      </testcase>
      <system-out><![CDATA[28-01-2024T22:15:56 - [TEST_SUITE][PASSED] - TS_country_change_005: Test Cases/Datadriven_testing/TC_country_change_005]]></system-out>
      <system-err><![CDATA[]]></system-err>
   </testsuite>
</testsuites>
