<?xml version="1.0" encoding="UTF-8"?>
<testsuites name="TS_global_variable_007" time="21.652" tests="1" failures="0" errors="0">
   <testsuite name="TS_global_variable_007" tests="1" failures="0" errors="0" time="21.652" skipped="0" timestamp="28-01-2024T22:38:25" hostname="Santhoshini - LAPTOP-JQ2M32JD" id="Test Suites/variable test suite/TS_global_variable_007">
      <properties>
         <property name="deviceName" value=""/>
         <property name="devicePlatform" value=""/>
         <property name="logFolder" value="C:\\Users\\Santhoshini\\git\\AMAZON-KATALON\\AMAZON-KATALON\\Reports\\20240128_223819\\variable test suite\\TS_global_variable_007\\20240128_223819"/>
         <property name="logFiles" value="C:\\Users\\Santhoshini\\git\\AMAZON-KATALON\\AMAZON-KATALON\\Reports\\20240128_223819\\variable test suite\\TS_global_variable_007\\20240128_223819\\execution0.log"/>
         <property name="attachments" value=""/>
         <property name="hostName" value="Santhoshini - LAPTOP-JQ2M32JD"/>
         <property name="os" value="Windows 11 64bit"/>
         <property name="katalonVersion" value="9.2.0.212"/>
         <property name="browser" value="Chrome 120.0.0.0"/>
         <property name="hostAddress" value="192.168.129.23"/>
         <property name="sessionId" value="7c986c3a8738e89aea6b1c3fdf4828f4"/>
         <property name="seleniumVersion" value="3.141.59"/>
         <property name="proxyInformation" value="ProxyInformation { proxyOption=NO_PROXY, proxyServerType=HTTP, username=, password=********, proxyServerAddress=, proxyServerPort=0, executionList=&quot;&quot;, isApplyToDesiredCapabilities=true }"/>
         <property name="platform" value="Windows 11"/>
      </properties>
      <testcase name="Test Cases/Variables_Testcases/TC_global_variable_007" time="21.428" classname="Test Cases/Variables_Testcases/TC_global_variable_007" status="PASSED">
         <system-out><![CDATA[28-01-2024T22:38:25 - [TEST_CASE][PASSED] - Test Cases/Variables_Testcases/TC_global_variable_007: Test Cases/Variables_Testcases/TC_global_variable_007

28-01-2024T22:38:26 - [TEST_STEP][PASSED] - openBrowser(""): Browser is opened with url: ''

28-01-2024T22:38:26 - [MESSAGE][INFO] - Starting 'Chrome' driver

28-01-2024T22:38:26 - [MESSAGE][INFO] - Action delay is set to 0 milliseconds

28-01-2024T22:38:28 - [MESSAGE][PASSED] - Browser is opened with url: ''

28-01-2024T22:38:28 - [TEST_STEP][PASSED] - navigateToUrl("https://www.amazon.in/"): Navigate to 'https://www.amazon.in/' successfully

28-01-2024T22:38:42 - [MESSAGE][PASSED] - Navigate to 'https://www.amazon.in/' successfully

28-01-2024T22:38:42 - [TEST_STEP][PASSED] - click(findTestObject("Object Repository/Page_Online Shopping site in India Shop Onl_10c5f3/span_Update location")): Object: 'Object Repository/Page_Online Shopping site in India Shop Onl_10c5f3/span_Update location' is clicked on

28-01-2024T22:38:44 - [MESSAGE][PASSED] - Object: 'Object Repository/Page_Online Shopping site in India Shop Onl_10c5f3/span_Update location' is clicked on

28-01-2024T22:38:44 - [TEST_STEP][PASSED] - setText(findTestObject("Object Repository/Page_Online Shopping site in India Shop Onl_10c5f3/inputGLUXZipUpdateInput"), pincode): Text '505101' is set on object 'Object Repository/Page_Online Shopping site in India Shop Onl_10c5f3/inputGLUXZipUpdateInput'

28-01-2024T22:38:46 - [MESSAGE][PASSED] - Text '505101' is set on object 'Object Repository/Page_Online Shopping site in India Shop Onl_10c5f3/inputGLUXZipUpdateInput'

28-01-2024T22:38:46 - [TEST_STEP][PASSED] - click(findTestObject("Object Repository/Page_Online Shopping site in India Shop Onl_10c5f3/input_a-button-input")): Object: 'Object Repository/Page_Online Shopping site in India Shop Onl_10c5f3/input_a-button-input' is clicked on

28-01-2024T22:38:47 - [MESSAGE][PASSED] - Object: 'Object Repository/Page_Online Shopping site in India Shop Onl_10c5f3/input_a-button-input' is clicked on]]></system-out>
         <system-err><![CDATA[]]></system-err>
      </testcase>
      <system-out><![CDATA[28-01-2024T22:38:25 - [TEST_SUITE][PASSED] - TS_global_variable_007: Test Cases/Variables_Testcases/TC_global_variable_007]]></system-out>
      <system-err><![CDATA[]]></system-err>
   </testsuite>
</testsuites>
