<?xml version="1.0" encoding="UTF-8"?>
<testsuites name="TS_language_change_004" time="92.027" tests="4" failures="0" errors="0">
   <testsuite name="TS_language_change_004" tests="4" failures="0" errors="0" time="92.027" skipped="0" timestamp="28-01-2024T22:47:40" hostname="Santhoshini - LAPTOP-JQ2M32JD" id="Test Suites/Datadriven_testing/TS_language_change_004">
      <properties>
         <property name="deviceName" value=""/>
         <property name="devicePlatform" value=""/>
         <property name="logFolder" value="C:\\Users\\Santhoshini\\git\\AMAZON-KATALON\\AMAZON-KATALON\\Reports\\20240128_224732\\Datadriven_testing\\TS_language_change_004\\20240128_224732"/>
         <property name="logFiles" value="C:\\Users\\Santhoshini\\git\\AMAZON-KATALON\\AMAZON-KATALON\\Reports\\20240128_224732\\Datadriven_testing\\TS_language_change_004\\20240128_224732\\execution0.log"/>
         <property name="attachments" value=""/>
         <property name="hostName" value="Santhoshini - LAPTOP-JQ2M32JD"/>
         <property name="os" value="Windows 11 64bit"/>
         <property name="katalonVersion" value="9.2.0.212"/>
         <property name="browser" value="Chrome 120.0.0.0"/>
         <property name="hostAddress" value="192.168.129.23"/>
         <property name="sessionId" value="ddc262f512822067bab8445d5e1f31e5"/>
         <property name="seleniumVersion" value="3.141.59"/>
         <property name="proxyInformation" value="ProxyInformation { proxyOption=NO_PROXY, proxyServerType=HTTP, username=, password=********, proxyServerAddress=, proxyServerPort=0, executionList=&quot;&quot;, isApplyToDesiredCapabilities=true }"/>
         <property name="platform" value="Windows 11"/>
      </properties>
      <testcase name="Test Cases/Datadriven_testing/TC_language_change_004" time="30.379" classname="Test Cases/Datadriven_testing/TC_language_change_004" status="PASSED">
         <system-out><![CDATA[28-01-2024T22:47:41 - [TEST_CASE][PASSED] - Test Cases/Datadriven_testing/TC_language_change_004: Test Cases/Datadriven_testing/TC_language_change_004

28-01-2024T22:47:41 - [TEST_STEP][PASSED] - openBrowser(""): Browser is opened with url: ''

28-01-2024T22:47:42 - [MESSAGE][INFO] - Starting 'Chrome' driver

28-01-2024T22:47:42 - [MESSAGE][INFO] - Action delay is set to 0 milliseconds

28-01-2024T22:47:45 - [MESSAGE][PASSED] - Browser is opened with url: ''

28-01-2024T22:47:45 - [TEST_STEP][PASSED] - navigateToUrl("https://www.amazon.in/"): Navigate to 'https://www.amazon.in/' successfully

28-01-2024T22:48:05 - [MESSAGE][PASSED] - Navigate to 'https://www.amazon.in/' successfully

28-01-2024T22:48:05 - [TEST_STEP][PASSED] - click(findTestObject("Object Repository/language/Page_Online Shopping site in India Shop Onl_10c5f3/div_EN")): Object: 'Object Repository/language/Page_Online Shopping site in India Shop Onl_10c5f3/div_EN' is clicked on

28-01-2024T22:48:09 - [MESSAGE][PASSED] - Object: 'Object Repository/language/Page_Online Shopping site in India Shop Onl_10c5f3/div_EN' is clicked on

28-01-2024T22:48:09 - [TEST_STEP][PASSED] - click(findTestObject("Object Repository/language/Page_Change Language Settings/" + language)): Object: 'Object Repository/language/Page_Change Language Settings/Malayalam' is clicked on

28-01-2024T22:48:10 - [MESSAGE][PASSED] - Object: 'Object Repository/language/Page_Change Language Settings/Malayalam' is clicked on

28-01-2024T22:48:10 - [TEST_STEP][PASSED] - click(findTestObject("Object Repository/language/Page_Change Language Settings/input_a-button-input")): Object: 'Object Repository/language/Page_Change Language Settings/input_a-button-input' is clicked on

28-01-2024T22:48:11 - [MESSAGE][PASSED] - Object: 'Object Repository/language/Page_Change Language Settings/input_a-button-input' is clicked on]]></system-out>
         <system-err><![CDATA[]]></system-err>
      </testcase>
      <testcase name="Test Cases/Datadriven_testing/TC_language_change_004" time="24.906" classname="Test Cases/Datadriven_testing/TC_language_change_004" status="PASSED">
         <system-out><![CDATA[28-01-2024T22:48:11 - [TEST_CASE][PASSED] - Test Cases/Datadriven_testing/TC_language_change_004: Test Cases/Datadriven_testing/TC_language_change_004

28-01-2024T22:48:11 - [TEST_STEP][PASSED] - openBrowser(""): Browser is opened with url: ''

28-01-2024T22:48:11 - [MESSAGE][WARNING] - A browser is already opened. Closing browser and opening a new one

28-01-2024T22:48:11 - [MESSAGE][INFO] - Starting 'Chrome' driver

28-01-2024T22:48:11 - [MESSAGE][INFO] - Action delay is set to 0 milliseconds

28-01-2024T22:48:13 - [MESSAGE][PASSED] - Browser is opened with url: ''

28-01-2024T22:48:13 - [TEST_STEP][PASSED] - navigateToUrl("https://www.amazon.in/"): Navigate to 'https://www.amazon.in/' successfully

28-01-2024T22:48:31 - [MESSAGE][PASSED] - Navigate to 'https://www.amazon.in/' successfully

28-01-2024T22:48:31 - [TEST_STEP][PASSED] - click(findTestObject("Object Repository/language/Page_Online Shopping site in India Shop Onl_10c5f3/div_EN")): Object: 'Object Repository/language/Page_Online Shopping site in India Shop Onl_10c5f3/div_EN' is clicked on

28-01-2024T22:48:34 - [MESSAGE][PASSED] - Object: 'Object Repository/language/Page_Online Shopping site in India Shop Onl_10c5f3/div_EN' is clicked on

28-01-2024T22:48:34 - [TEST_STEP][PASSED] - click(findTestObject("Object Repository/language/Page_Change Language Settings/" + language)): Object: 'Object Repository/language/Page_Change Language Settings/English' is clicked on

28-01-2024T22:48:35 - [MESSAGE][PASSED] - Object: 'Object Repository/language/Page_Change Language Settings/English' is clicked on

28-01-2024T22:48:35 - [TEST_STEP][PASSED] - click(findTestObject("Object Repository/language/Page_Change Language Settings/input_a-button-input")): Object: 'Object Repository/language/Page_Change Language Settings/input_a-button-input' is clicked on

28-01-2024T22:48:36 - [MESSAGE][PASSED] - Object: 'Object Repository/language/Page_Change Language Settings/input_a-button-input' is clicked on]]></system-out>
         <system-err><![CDATA[]]></system-err>
      </testcase>
      <testcase name="Test Cases/Datadriven_testing/TC_language_change_004" time="25.345" classname="Test Cases/Datadriven_testing/TC_language_change_004" status="PASSED">
         <system-out><![CDATA[28-01-2024T22:48:36 - [TEST_CASE][PASSED] - Test Cases/Datadriven_testing/TC_language_change_004: Test Cases/Datadriven_testing/TC_language_change_004

28-01-2024T22:48:36 - [TEST_STEP][PASSED] - openBrowser(""): Browser is opened with url: ''

28-01-2024T22:48:36 - [MESSAGE][WARNING] - A browser is already opened. Closing browser and opening a new one

28-01-2024T22:48:36 - [MESSAGE][INFO] - Starting 'Chrome' driver

28-01-2024T22:48:36 - [MESSAGE][INFO] - Action delay is set to 0 milliseconds

28-01-2024T22:48:38 - [MESSAGE][PASSED] - Browser is opened with url: ''

28-01-2024T22:48:38 - [TEST_STEP][PASSED] - navigateToUrl("https://www.amazon.in/"): Navigate to 'https://www.amazon.in/' successfully

28-01-2024T22:48:56 - [MESSAGE][PASSED] - Navigate to 'https://www.amazon.in/' successfully

28-01-2024T22:48:56 - [TEST_STEP][PASSED] - click(findTestObject("Object Repository/language/Page_Online Shopping site in India Shop Onl_10c5f3/div_EN")): Object: 'Object Repository/language/Page_Online Shopping site in India Shop Onl_10c5f3/div_EN' is clicked on

28-01-2024T22:48:59 - [MESSAGE][PASSED] - Object: 'Object Repository/language/Page_Online Shopping site in India Shop Onl_10c5f3/div_EN' is clicked on

28-01-2024T22:48:59 - [TEST_STEP][PASSED] - click(findTestObject("Object Repository/language/Page_Change Language Settings/" + language)): Object: 'Object Repository/language/Page_Change Language Settings/Telugu' is clicked on

28-01-2024T22:49:01 - [MESSAGE][PASSED] - Object: 'Object Repository/language/Page_Change Language Settings/Telugu' is clicked on

28-01-2024T22:49:01 - [TEST_STEP][PASSED] - click(findTestObject("Object Repository/language/Page_Change Language Settings/input_a-button-input")): Object: 'Object Repository/language/Page_Change Language Settings/input_a-button-input' is clicked on

28-01-2024T22:49:01 - [MESSAGE][PASSED] - Object: 'Object Repository/language/Page_Change Language Settings/input_a-button-input' is clicked on]]></system-out>
         <system-err><![CDATA[]]></system-err>
      </testcase>
      <testcase name="Test Cases/Datadriven_testing/TC_language_change_004" time="10.937" classname="Test Cases/Datadriven_testing/TC_language_change_004" status="PASSED">
         <system-out><![CDATA[28-01-2024T22:49:01 - [TEST_CASE][PASSED] - Test Cases/Datadriven_testing/TC_language_change_004: Test Cases/Datadriven_testing/TC_language_change_004

28-01-2024T22:49:01 - [TEST_STEP][PASSED] - openBrowser(""): Browser is opened with url: ''

28-01-2024T22:49:01 - [MESSAGE][WARNING] - A browser is already opened. Closing browser and opening a new one

28-01-2024T22:49:02 - [MESSAGE][INFO] - Starting 'Chrome' driver

28-01-2024T22:49:02 - [MESSAGE][INFO] - Action delay is set to 0 milliseconds

28-01-2024T22:49:03 - [MESSAGE][PASSED] - Browser is opened with url: ''

28-01-2024T22:49:03 - [TEST_STEP][PASSED] - navigateToUrl("https://www.amazon.in/"): Navigate to 'https://www.amazon.in/' successfully

28-01-2024T22:49:08 - [MESSAGE][PASSED] - Navigate to 'https://www.amazon.in/' successfully

28-01-2024T22:49:08 - [TEST_STEP][PASSED] - click(findTestObject("Object Repository/language/Page_Online Shopping site in India Shop Onl_10c5f3/div_EN")): Object: 'Object Repository/language/Page_Online Shopping site in India Shop Onl_10c5f3/div_EN' is clicked on

28-01-2024T22:49:10 - [MESSAGE][PASSED] - Object: 'Object Repository/language/Page_Online Shopping site in India Shop Onl_10c5f3/div_EN' is clicked on

28-01-2024T22:49:10 - [TEST_STEP][PASSED] - click(findTestObject("Object Repository/language/Page_Change Language Settings/" + language)): Object: 'Object Repository/language/Page_Change Language Settings/Tamil' is clicked on

28-01-2024T22:49:11 - [MESSAGE][PASSED] - Object: 'Object Repository/language/Page_Change Language Settings/Tamil' is clicked on

28-01-2024T22:49:11 - [TEST_STEP][PASSED] - click(findTestObject("Object Repository/language/Page_Change Language Settings/input_a-button-input")): Object: 'Object Repository/language/Page_Change Language Settings/input_a-button-input' is clicked on

28-01-2024T22:49:12 - [MESSAGE][PASSED] - Object: 'Object Repository/language/Page_Change Language Settings/input_a-button-input' is clicked on]]></system-out>
         <system-err><![CDATA[]]></system-err>
      </testcase>
      <system-out><![CDATA[28-01-2024T22:47:40 - [TEST_SUITE][PASSED] - TS_language_change_004: Test Cases/Datadriven_testing/TC_language_change_004]]></system-out>
      <system-err><![CDATA[]]></system-err>
   </testsuite>
</testsuites>
